Encryption Begins
Initial Message:		['k', 'e', 'r', 'p', 'l', 'u', 'n', 'k']		6b 65 72 70 6c 75 6e 6b

Encryption Round 1: 	['¤', 'è', 'G', '{', '-', '{', 'q', 'æ']		a4 e8 47 7b 2d 7b 71 e6
Encryption Round 2: 	['\x9d', 'é', '>', '§', '\x9a', '+', 'ö', '¸']	9d e9 3e a7 9a 2b f6 b8
Encryption Round 3: 	['Â', 'Ö', '\n', 'Ü', '±', 'J', 'd', '\x12']	c2 d6 a dc b1 4a 64 12
Encryption Round 4: 	['*', '?', '@', 'ê', 'ó', '$', 'G', '\x17']		2a 3f 40 ea f3 24 47 17
Encryption Round 5: 	['\x88', '\t', ']', '»', 'è', 'ü', 'Í', '\x85']	88 9 5d bb e8 fc cd 85
Encryption Round 6: 	['`', 'x', '¯', 'ª', 'd', '5', '\x11', 'Ô']		60 78 af aa 64 35 11 d4
Encryption Round 7: 	['C', 'z', '\x86', 'B', 'p', 'Ñ', '½', 'y']		43 7a 86 42 70 d1 bd 79
Encryption Round 8: 	[':', '\x85', 'Ô', 'á', 'q', '+', 'ë', "'"]		3a 85 d4 e1 71 2b eb 27
Encryption Round 9: 	['1', '\x01', '(', 'Ö', 'Ë', 'K', '\xad', 'î']	31 1 28 d6 cb 4b ad ee
Encryption Round 10: 	['½', 'O', '£', 'ó', 'ú', 'À', '\x13', 'r']		bd 4f a3 f3 fa c0 13 72
Encryption Round 11: 	['ß', '\x1e', '/', '~', 'o', '\x12', 'L', 'Î']	df 1e 2f 7e 6f 12 4c ce
Encryption Round 12: 	['Ù', '\x91', 'X', '+', 'ö', 'î', 'û', 'ò']		d9 91 58 2b f6 ee fb f2
Encryption Round 13: 	[')', '\x96', 'j', '\x1e', ')', 'Ã', 's', '»']	29 96 6a 1e 29 c3 73 bb
Encryption Round 14: 	['î', 'a', '\xa0', 'M', '¹', '¾', '*', 'õ']		ee 61 a0 4d b9 be 2a f5
Encryption Round 15: 	['²', 'G', 'ª', '@', 'C', 'ª', '½', 'v']		b2 47 aa 40 43 aa bd 76
Encryption Round 16: 	['\x0b', '$', '¬', '\x1d', 'T', 'å', 'ê', 'I']	b 24 ac 1d 54 e5 ea 49

Decryption Begins
Cipher Text:			['\x0b', '$', '¬', '\x1d', 'T', 'å', 'ê', 'I']	b 24 ac 1d 54 e5 ea 49

Decryption Round 1: 	['²', 'G', 'ª', '@', 'C', 'ª', '½', 'v']		b2 47 aa 40 43 aa bd 76
Decryption Round 2: 	['î', 'a', '\xa0', 'M', '¹', '¾', '*', 'õ']		ee 61 a0 4d b9 be 2a f5
Decryption Round 3: 	[')', '\x96', 'j', '\x1e', ')', 'Ã', 's', '»']	29 96 6a 1e 29 c3 73 bb
Decryption Round 4: 	['Ù', '\x91', 'X', '+', 'ö', 'î', 'û', 'ò']		d9 91 58 2b f6 ee fb f2
Decryption Round 5: 	['ß', '\x1e', '/', '~', 'o', '\x12', 'L', 'Î']	df 1e 2f 7e 6f 12 4c ce
Decryption Round 6: 	['½', 'O', '£', 'ó', 'ú', 'À', '\x13', 'r']		bd 4f a3 f3 fa c0 13 72
Decryption Round 7: 	['1', '\x01', '(', 'Ö', 'Ë', 'K', '\xad', 'î']	31 1 28 d6 cb 4b ad ee
Decryption Round 8: 	[':', '\x85', 'Ô', 'á', 'q', '+', 'ë', "'"]		3a 85 d4 e1 71 2b eb 27
Decryption Round 9: 	['C', 'z', '\x86', 'B', 'p', 'Ñ', '½', 'y']		43 7a 86 42 70 d1 bd 79
Decryption Round 10: 	['`', 'x', '¯', 'ª', 'd', '5', '\x11', 'Ô']		60 78 af aa 64 35 11 d4
Decryption Round 11: 	['\x88', '\t', ']', '»', 'è', 'ü', 'Í', '\x85']	88 9 5d bb e8 fc cd 85
Decryption Round 12: 	['*', '?', '@', 'ê', 'ó', '$', 'G', '\x17']		2a 3f 40 ea f3 24 47 17
Decryption Round 13: 	['Â', 'Ö', '\n', 'Ü', '±', 'J', 'd', '\x12']	c2 d6 a dc b1 4a 64 12
Decryption Round 14: 	['\x9d', 'é', '>', '§', '\x9a', '+', 'ö', '¸']	9d e9 3e a7 9a 2b f6 b8
Decryption Round 15: 	['¤', 'è', 'G', '{', '-', '{', 'q', 'æ']		a4 e8 47 7b 2d 7b 71 e6
Decryption Round 16: 	['k', 'e', 'r', 'p', 'l', 'u', 'n', 'k']		6b 65 72 70 6c 75 6e 6b

Recovered Message:	    ['k', 'e', 'r', 'p', 'l', 'u', 'n', 'k']		6b 65 72 70 6c 75 6e 6b
