Encryption Begins
Initial Message:		['k', 'e', 'r', 'p', 'l', 'u', 'n', 'j']		    6b 65 72 70 6c 75 6e 6a

Encryption Round 1: 	['¤', 'è', 'G', '{', '-', '{', 'p', '\x84']		    a4 e8 47 7b 2d 7b 70 84
Encryption Round 2: 	['\x9d', 'é', '>', '§', '\x9a', '*', '¥', 'l']		9d e9 3e a7 9a 2a a5 6c
Encryption Round 3: 	['Â', 'Ö', '\n', 'Ü', '±', '`', '\x05', '\x86']		c2 d6 a dc b1 60 5 86
Encryption Round 4: 	['*', '?', '@', 'ê', 'ó', 'Æ', '|', 'a']		    2a 3f 40 ea f3 c6 7c 61
Encryption Round 5: 	['\x88', '\t', ']', '»', 'é', '\x19', '\xa0', 'K']	88 9 5d bb e9 19 a0 4b
Encryption Round 6: 	['`', 'x', '¯', '«', '=', '½', '\t', '2']		    60 78 af ab 3d bd 9 32
Encryption Round 7: 	['C', 'z', '\x86', 'ß', 'J', '/', 'u', 'Å']		    43 7a 86 df 4a 2f 75 c5
Encryption Round 8: 	[':', '\x85', 'Õ', 'g', '×', 'Ä', '¨', '\x9f']		3a 85 d5 67 d7 c4 a8 9f
Encryption Round 9: 	['1', '\x01', 'i', '°', '$', '{', '\x8e', '^']		31 1 69 b0 24 7b 8e 5e
Encryption Round 10: 	['½', 'N', '\x85', 'ê', '\x08', '*', '¢', '®']		bd 4e 85 ea 8 2a a2 ae
Encryption Round 11: 	['Þ', '®', 'a', '»', 'Í', '`', 'ä', '\x94']		    de ae 61 bb cd 60 e4 94
Encryption Round 12: 	['\x15', '4', '÷', 'ª', '?', 'Æ', 'n', '\x8a']		15 34 f7 aa 3f c6 6e 8a
Encryption Round 13: 	['å', '\x89', '^', 'B', '1', '\x19', 'p', ']']		e5 89 5e 42 31 19 70 5d
Encryption Round 14: 	['\x7f', 'É', '.', 'à', 'ã', '¼', '¥', '/']		    7f c9 2e e0 e3 bc a5 2f
Encryption Round 15: 	['F', 'z', '¿', 'è', 'Ä', '\x8e', '\x04', '\x08']	46 7a bf e8 c4 8e 4 8
Encryption Round 16: 	['T', '\x85', '\x0b', '6', 'ø', 'Ã', 'N', '#']		54 85 b 36 f8 c3 4e 23

Decryption Begins
Cipher Text:			['T', '\x85', '\x0b', '6', 'ø', 'Ã', 'N', '#']		54 85 b 36 f8 c3 4e 23

Decryption Round 1: 	['F', 'z', '¿', 'è', 'Ä', '\x8e', '\x04', '\x08']	46 7a bf e8 c4 8e 4 8
Decryption Round 2: 	['\x7f', 'É', '.', 'à', 'ã', '¼', '¥', '/']		    7f c9 2e e0 e3 bc a5 2f
Decryption Round 3: 	['å', '\x89', '^', 'B', '1', '\x19', 'p', ']']		e5 89 5e 42 31 19 70 5d
Decryption Round 4: 	['\x15', '4', '÷', 'ª', '?', 'Æ', 'n', '\x8a']		15 34 f7 aa 3f c6 6e 8a
Decryption Round 5: 	['Þ', '®', 'a', '»', 'Í', '`', 'ä', '\x94']		    de ae 61 bb cd 60 e4 94
Decryption Round 6: 	['½', 'N', '\x85', 'ê', '\x08', '*', '¢', '®']		bd 4e 85 ea 8 2a a2 ae
Decryption Round 7: 	['1', '\x01', 'i', '°', '$', '{', '\x8e', '^']		31 1 69 b0 24 7b 8e 5e
Decryption Round 8: 	[':', '\x85', 'Õ', 'g', '×', 'Ä', '¨', '\x9f']		3a 85 d5 67 d7 c4 a8 9f
Decryption Round 9: 	['C', 'z', '\x86', 'ß', 'J', '/', 'u', 'Å']		    43 7a 86 df 4a 2f 75 c5
Decryption Round 10: 	['`', 'x', '¯', '«', '=', '½', '\t', '2']		    60 78 af ab 3d bd 9 32
Decryption Round 11: 	['\x88', '\t', ']', '»', 'é', '\x19', '\xa0', 'K']	88 9 5d bb e9 19 a0 4b
Decryption Round 12: 	['*', '?', '@', 'ê', 'ó', 'Æ', '|', 'a']		    2a 3f 40 ea f3 c6 7c 61
Decryption Round 13: 	['Â', 'Ö', '\n', 'Ü', '±', '`', '\x05', '\x86']		c2 d6 a dc b1 60 5 86
Decryption Round 14: 	['\x9d', 'é', '>', '§', '\x9a', '*', '¥', 'l']		9d e9 3e a7 9a 2a a5 6c
Decryption Round 15: 	['¤', 'è', 'G', '{', '-', '{', 'p', '\x84']		    a4 e8 47 7b 2d 7b 70 84
Decryption Round 16: 	['k', 'e', 'r', 'p', 'l', 'u', 'n', 'j']		    6b 65 72 70 6c 75 6e 6a

Recovered Message:	    ['k', 'e', 'r', 'p', 'l', 'u', 'n', 'j']		    6b 65 72 70 6c 75 6e 6a
