Seed = unique

Sentence 1: unique sequence .
Sentence 2: unique sequence .
Sentence 3: unique sequence .
Sentence 4: unique sequence .
Sentence 5: unique sequence .
Sentence 6: unique sequence .
Sentence 7: unique sequence .
Sentence 8: unique sequence .
Sentence 9: unique sequence .
Sentence 10: unique sequence .


Seed = sometimes

Sentence 1: sometimes blop .
Sentence 2: sometimes bleep .
Sentence 3: sometimes blop .
Sentence 4: sometimes blop .
Sentence 5: sometimes bleep .
Sentence 6: sometimes blop .
Sentence 7: sometimes blop .
Sentence 8: sometimes blop .
Sentence 9: sometimes blop .
Sentence 10: sometimes blop .


Seed = cat
Sentence 1: cat .
Sentence 2: cat go !
Sentence 3: cat in a mouse .
Sentence 4: cat in a noodle-eating poodle, .
Sentence 5: cat went up with a fox is wet to shake hands
Sentence 6: cat in a day play a box .
Sentence 7: cat with blocks on top .
Sentence 8: cat went on a boat .
Sentence 9: cat .
Sentence 10: cat go ask us this say this, mr. gump .


